ParseStarterProject/build/outputs/logs/manifest-merger-debug-report.txt
-- Merging decision tree log ---
manifest
ADDED from src\main\AndroidManifest.xml:10:1-162:12
	package
		ADDED from src\main\AndroidManifest.xml:11:5-32
		INJECTED from src\main\AndroidManifest.xml
		INJECTED from src\main\AndroidManifest.xml
	android:versionName
		INJECTED from src\main\AndroidManifest.xml
		INJECTED from src\main\AndroidManifest.xml
	xmlns:android
		ADDED from src\main\AndroidManifest.xml:10:11-69
	android:versionCode
		INJECTED from src\main\AndroidManifest.xml
		INJECTED from src\main\AndroidManifest.xml
uses-permission#android.permission.INTERNET
ADDED from src\main\AndroidManifest.xml:13:5-67
	android:name
		ADDED from src\main\AndroidManifest.xml:13:22-64
uses-permission#android.permission.ACCESS_NETWORK_STATE
ADDED from src\main\AndroidManifest.xml:14:5-79
	android:name
		ADDED from src\main\AndroidManifest.xml:14:22-76
uses-permission#android.permission.CALL_PHONE
ADDED from src\main\AndroidManifest.xml:15:5-69
	android:name
		ADDED from src\main\AndroidManifest.xml:15:22-66
application
ADDED from src\main\AndroidManifest.xml:17:5-160:19
MERGED from [com.android.support:appcompat-v7:22.2.0] AndroidManifest.xml:22:5-20
MERGED from [com.android.support:support-v4:23.1.1] AndroidManifest.xml:22:5-20
MERGED from [com.android.support:support-v4:23.1.1] AndroidManifest.xml:22:5-20
MERGED from [com.android.support:support-v4:23.1.1] AndroidManifest.xml:22:5-20
	android:label
		ADDED from src\main\AndroidManifest.xml:21:9-41
	android:allowBackup
		ADDED from src\main\AndroidManifest.xml:19:9-35
	android:icon
		ADDED from src\main\AndroidManifest.xml:20:9-43
	android:theme
		ADDED from src\main\AndroidManifest.xml:22:9-40
	android:name
		ADDED from src\main\AndroidManifest.xml:18:9-43
meta-data#com.parse.APPLICATION_ID
ADDED from src\main\AndroidManifest.xml:23:9-25:52
	android:value
		ADDED from src\main\AndroidManifest.xml:25:13-49
	android:name
		ADDED from src\main\AndroidManifest.xml:24:13-52
meta-data#com.parse.CLIENT_KEY
ADDED from src\main\AndroidManifest.xml:26:9-28:56
	android:value
		ADDED from src\main\AndroidManifest.xml:28:13-53
	android:name
		ADDED from src\main\AndroidManifest.xml:27:13-48
activity#com.parse.starter.MainActivity
ADDED from src\main\AndroidManifest.xml:30:9-38:20
	android:label
		ADDED from src\main\AndroidManifest.xml:32:13-45
	android:name
		ADDED from src\main\AndroidManifest.xml:31:13-41
intent-filter#android.intent.action.MAIN+android.intent.category.LAUNCHER
ADDED from src\main\AndroidManifest.xml:33:13-37:29
action#android.intent.action.MAIN
ADDED from src\main\AndroidManifest.xml:34:17-69
	android:name
		ADDED from src\main\AndroidManifest.xml:34:25-66
category#android.intent.category.LAUNCHER
ADDED from src\main\AndroidManifest.xml:36:17-77
	android:name
		ADDED from src\main\AndroidManifest.xml:36:27-74
activity#com.parse.starter.UserList
ADDED from src\main\AndroidManifest.xml:39:9-48:20
	android:label
		ADDED from src\main\AndroidManifest.xml:41:13-45
	android:name
		ADDED from src\main\AndroidManifest.xml:40:13-37
intent-filter#android.intent.category.DEFAULT+com.parse.starter.UserList
ADDED from src\main\AndroidManifest.xml:42:13-46:29
action#com.parse.starter.UserList
ADDED from src\main\AndroidManifest.xml:43:17-69
	android:name
		ADDED from src\main\AndroidManifest.xml:43:25-66
category#android.intent.category.DEFAULT
ADDED from src\main\AndroidManifest.xml:45:17-76
	android:name
		ADDED from src\main\AndroidManifest.xml:45:27-73
activity#com.parse.starter.UserFeed
ADDED from src\main\AndroidManifest.xml:50:9-59:20
	android:label
		ADDED from src\main\AndroidManifest.xml:52:13-45
	android:name
		ADDED from src\main\AndroidManifest.xml:51:13-37
intent-filter#android.intent.category.DEFAULT+com.parse.starter.UserFeed
ADDED from src\main\AndroidManifest.xml:53:13-57:29
action#com.parse.starter.UserFeed
ADDED from src\main\AndroidManifest.xml:54:17-69
	android:name
		ADDED from src\main\AndroidManifest.xml:54:25-66
activity#com.parse.starter.Efficency
ADDED from src\main\AndroidManifest.xml:61:9-70:20
	android:label
		ADDED from src\main\AndroidManifest.xml:63:13-45
	android:name
		ADDED from src\main\AndroidManifest.xml:62:13-38
intent-filter#android.intent.category.DEFAULT+com.parse.starter.Efficency
ADDED from src\main\AndroidManifest.xml:64:13-68:29
action#com.parse.starter.Efficency
ADDED from src\main\AndroidManifest.xml:65:17-70
	android:name
		ADDED from src\main\AndroidManifest.xml:65:25-67
activity#com.parse.starter.Production
ADDED from src\main\AndroidManifest.xml:72:9-81:20
	android:label
		ADDED from src\main\AndroidManifest.xml:74:13-45
	android:name
		ADDED from src\main\AndroidManifest.xml:73:13-39
intent-filter#android.intent.category.DEFAULT+com.parse.starter.Production
ADDED from src\main\AndroidManifest.xml:75:13-79:29
action#com.parse.starter.Production
ADDED from src\main\AndroidManifest.xml:76:17-71
	android:name
		ADDED from src\main\AndroidManifest.xml:76:25-68
activity#com.parse.starter.BarGraphs
ADDED from src\main\AndroidManifest.xml:83:9-92:20
	android:label
		ADDED from src\main\AndroidManifest.xml:85:13-45
	android:name
		ADDED from src\main\AndroidManifest.xml:84:13-38
intent-filter#android.intent.category.DEFAULT+com.parse.starter.BarGraphs
ADDED from src\main\AndroidManifest.xml:86:13-90:29
action#com.parse.starter.BarGraphs
ADDED from src\main\AndroidManifest.xml:87:17-70
	android:name
		ADDED from src\main\AndroidManifest.xml:87:25-67
activity#com.parse.starter.PieCharts
ADDED from src\main\AndroidManifest.xml:94:9-103:20
	android:label
		ADDED from src\main\AndroidManifest.xml:96:13-45
	android:name
		ADDED from src\main\AndroidManifest.xml:95:13-38
intent-filter#android.intent.category.DEFAULT+com.parse.starter.PieCharts
ADDED from src\main\AndroidManifest.xml:97:13-101:29
action#com.parse.starter.PieCharts
ADDED from src\main\AndroidManifest.xml:98:17-70
	android:name
		ADDED from src\main\AndroidManifest.xml:98:25-67
activity#com.parse.starter.SplashScreen
ADDED from src\main\AndroidManifest.xml:105:9-114:20
	android:label
		ADDED from src\main\AndroidManifest.xml:107:13-45
	android:name
		ADDED from src\main\AndroidManifest.xml:106:13-41
intent-filter#android.intent.category.DEFAULT+com.parse.starter.SplashScreen
ADDED from src\main\AndroidManifest.xml:108:13-112:29
action#com.parse.starter.SplashScreen
ADDED from src\main\AndroidManifest.xml:109:17-73
	android:name
		ADDED from src\main\AndroidManifest.xml:109:25-70
activity#com.parse.starter.DataNotFetched
ADDED from src\main\AndroidManifest.xml:116:9-125:20
	android:label
		ADDED from src\main\AndroidManifest.xml:118:13-45
	android:name
		ADDED from src\main\AndroidManifest.xml:117:13-43
intent-filter#android.intent.category.DEFAULT+com.parse.starter.DataNotFetched
ADDED from src\main\AndroidManifest.xml:119:13-123:29
action#com.parse.starter.DataNotFetched
ADDED from src\main\AndroidManifest.xml:120:17-75
	android:name
		ADDED from src\main\AndroidManifest.xml:120:25-72
activity#com.parse.starter.LineGraph
ADDED from src\main\AndroidManifest.xml:127:9-136:20
	android:label
		ADDED from src\main\AndroidManifest.xml:129:13-45
	android:name
		ADDED from src\main\AndroidManifest.xml:128:13-38
intent-filter#android.intent.category.DEFAULT+com.parse.starter.LineGraph
ADDED from src\main\AndroidManifest.xml:130:13-134:29
action#com.parse.starter.LineGraph
ADDED from src\main\AndroidManifest.xml:131:17-70
	android:name
		ADDED from src\main\AndroidManifest.xml:131:25-67
activity#com.parse.starter.EfficiencyGraph
ADDED from src\main\AndroidManifest.xml:139:9-148:20
	android:label
		ADDED from src\main\AndroidManifest.xml:141:13-45
	android:name
		ADDED from src\main\AndroidManifest.xml:140:13-44
intent-filter#android.intent.category.DEFAULT+com.parse.starter.EfficiencyGraph
ADDED from src\main\AndroidManifest.xml:142:13-146:29
action#com.parse.starter.EfficiencyGraph
ADDED from src\main\AndroidManifest.xml:143:17-76
	android:name
		ADDED from src\main\AndroidManifest.xml:143:25-73
activity#com.parse.starter.About
ADDED from src\main\AndroidManifest.xml:150:9-159:20
	android:label
		ADDED from src\main\AndroidManifest.xml:152:13-45
	android:name
		ADDED from src\main\AndroidManifest.xml:151:13-34
intent-filter#android.intent.category.DEFAULT+com.parse.starter.About
ADDED from src\main\AndroidManifest.xml:153:13-157:29
action#com.parse.starter.About
ADDED from src\main\AndroidManifest.xml:154:17-66
	android:name
		ADDED from src\main\AndroidManifest.xml:154:25-63
uses-sdk
INJECTED from src\main\AndroidManifest.xml reason: use-sdk injection requested
MERGED from [com.android.support:appcompat-v7:22.2.0] AndroidManifest.xml:20:5-43
MERGED from [com.android.support:support-v4:23.1.1] AndroidManifest.xml:20:5-43
MERGED from [com.android.support:recyclerview-v7:23.1.1] AndroidManifest.xml:20:5-43
MERGED from [com.android.support:support-v4:23.1.1] AndroidManifest.xml:20:5-43
MERGED from [com.android.support:support-v4:23.1.1] AndroidManifest.xml:20:5-43
	android:targetSdkVersion
		INJECTED from src\main\AndroidManifest.xml
		INJECTED from src\main\AndroidManifest.xml
	android:minSdkVersion
		INJECTED from src\main\AndroidManifest.xml
		INJECTED from src\main\AndroidManifest.xml